<?xml version="1.0" ?>
<!DOCTYPE coverage SYSTEM "http://cobertura.sourceforge.net/xml/coverage-04.dtd">
<coverage lines-valid="173" lines-covered="156" line-rate="0.9017000000000001" branches-valid="52" branches-covered="50" branch-rate="0.9615" timestamp="1699363768001" complexity="0" version="0.1">
  <sources>
    <source>/home/runner/work/TopologyMatching/TopologyMatching/Scripts</source>
  </sources>
  <packages>
    <package name="main" line-rate="0.9017000000000001" branch-rate="0.9615">
      <classes>
        <class name="ICardDom.js" filename="dist/ICardDom.js" line-rate="0" branch-rate="0">
          <methods>
          </methods>
          <lines>
          </lines>
        </class>
        <class name="ICardDomFactory.js" filename="dist/ICardDomFactory.js" line-rate="0" branch-rate="0">
          <methods>
          </methods>
          <lines>
          </lines>
        </class>
        <class name="ITopologyCardJsonLoader.js" filename="dist/ITopologyCardJsonLoader.js" line-rate="0" branch-rate="0">
          <methods>
          </methods>
          <lines>
          </lines>
        </class>
        <class name="JsonType.js" filename="dist/JsonType.js" line-rate="0" branch-rate="0">
          <methods>
          </methods>
          <lines>
          </lines>
        </class>
        <class name="card.js" filename="dist/card.js" line-rate="1" branch-rate="1">
          <methods>
            <method name="(anonymous_0)" hits="3" signature="()V">
              <lines>
                <line number="5" hits="3"/>
              </lines>
            </method>
            <method name="(anonymous_1)" hits="61" signature="()V">
              <lines>
                <line number="20" hits="61"/>
              </lines>
            </method>
            <method name="(anonymous_2)" hits="25" signature="()V">
              <lines>
                <line number="26" hits="25"/>
              </lines>
            </method>
            <method name="(anonymous_3)" hits="13" signature="()V">
              <lines>
                <line number="37" hits="13"/>
              </lines>
            </method>
            <method name="(anonymous_4)" hits="79" signature="()V">
              <lines>
                <line number="44" hits="79"/>
              </lines>
            </method>
            <method name="(anonymous_5)" hits="25" signature="()V">
              <lines>
                <line number="56" hits="25"/>
              </lines>
            </method>
            <method name="(anonymous_6)" hits="6" signature="()V">
              <lines>
                <line number="65" hits="6"/>
              </lines>
            </method>
            <method name="(anonymous_7)" hits="12" signature="()V">
              <lines>
                <line number="74" hits="12"/>
              </lines>
            </method>
          </methods>
          <lines>
            <line number="5" hits="3" branch="false"/>
            <line number="6" hits="3" branch="false"/>
            <line number="7" hits="3" branch="false"/>
            <line number="21" hits="61" branch="false"/>
            <line number="22" hits="61" branch="false"/>
            <line number="23" hits="61" branch="false"/>
            <line number="24" hits="61" branch="false"/>
            <line number="25" hits="61" branch="false"/>
            <line number="26" hits="61" branch="false"/>
            <line number="27" hits="25" branch="false"/>
            <line number="29" hits="61" branch="false"/>
            <line number="38" hits="13" branch="false"/>
            <line number="45" hits="79" branch="false"/>
            <line number="46" hits="79" branch="true" condition-coverage="100% (2/2)"/>
            <line number="47" hits="14" branch="false"/>
            <line number="50" hits="65" branch="false"/>
            <line number="57" hits="25" branch="true" condition-coverage="100% (2/2)"/>
            <line number="58" hits="1" branch="false"/>
            <line number="60" hits="24" branch="false"/>
            <line number="66" hits="6" branch="false"/>
            <line number="75" hits="12" branch="false"/>
          </lines>
        </class>
        <class name="cardDom.js" filename="dist/cardDom.js" line-rate="0" branch-rate="0">
          <methods>
            <method name="(anonymous_0)" hits="0" signature="()V">
              <lines>
                <line number="2" hits="0"/>
              </lines>
            </method>
            <method name="(anonymous_1)" hits="0" signature="()V">
              <lines>
                <line number="7" hits="0"/>
              </lines>
            </method>
            <method name="(anonymous_2)" hits="0" signature="()V">
              <lines>
                <line number="11" hits="0"/>
              </lines>
            </method>
            <method name="(anonymous_3)" hits="0" signature="()V">
              <lines>
                <line number="15" hits="0"/>
              </lines>
            </method>
            <method name="(anonymous_4)" hits="0" signature="()V">
              <lines>
                <line number="18" hits="0"/>
              </lines>
            </method>
            <method name="(anonymous_5)" hits="0" signature="()V">
              <lines>
                <line number="21" hits="0"/>
              </lines>
            </method>
          </methods>
          <lines>
            <line number="3" hits="0" branch="false"/>
            <line number="4" hits="0" branch="false"/>
            <line number="5" hits="0" branch="false"/>
            <line number="8" hits="0" branch="false"/>
            <line number="9" hits="0" branch="false"/>
            <line number="12" hits="0" branch="false"/>
            <line number="13" hits="0" branch="false"/>
            <line number="16" hits="0" branch="false"/>
            <line number="19" hits="0" branch="false"/>
            <line number="22" hits="0" branch="true" condition-coverage="0% (0/2)"/>
          </lines>
        </class>
        <class name="cardDomFactory.js" filename="dist/cardDomFactory.js" line-rate="0" branch-rate="1">
          <methods>
            <method name="(anonymous_0)" hits="0" signature="()V">
              <lines>
                <line number="3" hits="0"/>
              </lines>
            </method>
          </methods>
          <lines>
            <line number="4" hits="0" branch="false"/>
          </lines>
        </class>
        <class name="gameConfig.js" filename="dist/gameConfig.js" line-rate="1" branch-rate="1">
          <methods>
            <method name="(anonymous_0)" hits="12" signature="()V">
              <lines>
                <line number="5" hits="12"/>
              </lines>
            </method>
            <method name="(anonymous_1)" hits="12" signature="()V">
              <lines>
                <line number="14" hits="12"/>
              </lines>
            </method>
          </methods>
          <lines>
            <line number="6" hits="12" branch="false"/>
            <line number="7" hits="1" branch="false"/>
            <line number="8" hits="1" branch="false"/>
            <line number="9" hits="1" branch="false"/>
            <line number="10" hits="1" branch="false"/>
            <line number="11" hits="1" branch="false"/>
            <line number="12" hits="1" branch="false"/>
            <line number="15" hits="12" branch="true" condition-coverage="100% (2/2)"/>
            <line number="16" hits="2" branch="false"/>
            <line number="18" hits="10" branch="true" condition-coverage="100% (2/2)"/>
            <line number="19" hits="2" branch="false"/>
            <line number="21" hits="8" branch="true" condition-coverage="100% (2/2)"/>
            <line number="22" hits="1" branch="false"/>
            <line number="24" hits="7" branch="true" condition-coverage="100% (2/2)"/>
            <line number="25" hits="1" branch="false"/>
            <line number="27" hits="6" branch="true" condition-coverage="100% (2/2)"/>
            <line number="28" hits="1" branch="false"/>
            <line number="30" hits="5" branch="true" condition-coverage="100% (2/2)"/>
            <line number="31" hits="2" branch="false"/>
            <line number="33" hits="3" branch="true" condition-coverage="100% (2/2)"/>
            <line number="34" hits="2" branch="false"/>
          </lines>
        </class>
        <class name="gameController.js" filename="dist/gameController.js" line-rate="1" branch-rate="1">
          <methods>
            <method name="(anonymous_0)" hits="18" signature="()V">
              <lines>
                <line number="12" hits="18"/>
              </lines>
            </method>
            <method name="(anonymous_1)" hits="18" signature="()V">
              <lines>
                <line number="29" hits="18"/>
              </lines>
            </method>
            <method name="(anonymous_2)" hits="52" signature="()V">
              <lines>
                <line number="30" hits="52"/>
              </lines>
            </method>
            <method name="(anonymous_3)" hits="64" signature="()V">
              <lines>
                <line number="32" hits="64"/>
              </lines>
            </method>
            <method name="(anonymous_4)" hits="10" signature="()V">
              <lines>
                <line number="54" hits="10"/>
              </lines>
            </method>
            <method name="(anonymous_5)" hits="12" signature="()V">
              <lines>
                <line number="58" hits="12"/>
              </lines>
            </method>
            <method name="(anonymous_6)" hits="1" signature="()V">
              <lines>
                <line number="67" hits="1"/>
              </lines>
            </method>
            <method name="(anonymous_7)" hits="8" signature="()V">
              <lines>
                <line number="75" hits="8"/>
              </lines>
            </method>
            <method name="(anonymous_8)" hits="12" signature="()V">
              <lines>
                <line number="83" hits="12"/>
              </lines>
            </method>
            <method name="(anonymous_9)" hits="10" signature="()V">
              <lines>
                <line number="90" hits="10"/>
              </lines>
            </method>
            <method name="(anonymous_10)" hits="1" signature="()V">
              <lines>
                <line number="94" hits="1"/>
              </lines>
            </method>
            <method name="(anonymous_11)" hits="1" signature="()V">
              <lines>
                <line number="104" hits="1"/>
              </lines>
            </method>
            <method name="(anonymous_12)" hits="2" signature="()V">
              <lines>
                <line number="105" hits="2"/>
              </lines>
            </method>
            <method name="(anonymous_13)" hits="3" signature="()V">
              <lines>
                <line number="112" hits="3"/>
              </lines>
            </method>
            <method name="(anonymous_14)" hits="0" signature="()V">
              <lines>
                <line number="116" hits="0"/>
              </lines>
            </method>
            <method name="(anonymous_15)" hits="50" signature="()V">
              <lines>
                <line number="126" hits="50"/>
              </lines>
            </method>
          </methods>
          <lines>
            <line number="13" hits="18" branch="false"/>
            <line number="14" hits="11" branch="false"/>
            <line number="15" hits="11" branch="false"/>
            <line number="16" hits="11" branch="false"/>
            <line number="17" hits="11" branch="false"/>
            <line number="18" hits="11" branch="false"/>
            <line number="19" hits="11" branch="false"/>
            <line number="30" hits="18" branch="false"/>
            <line number="31" hits="52" branch="false"/>
            <line number="32" hits="64" branch="true" condition-coverage="100% (2/2)"/>
            <line number="33" hits="1" branch="false"/>
            <line number="35" hits="51" branch="true" condition-coverage="100% (2/2)"/>
            <line number="36" hits="1" branch="false"/>
            <line number="39" hits="16" branch="true" condition-coverage="100% (2/2)"/>
            <line number="40" hits="2" branch="false"/>
            <line number="42" hits="14" branch="true" condition-coverage="100% (2/2)"/>
            <line number="43" hits="2" branch="false"/>
            <line number="45" hits="12" branch="true" condition-coverage="100% (2/2)"/>
            <line number="46" hits="1" branch="false"/>
            <line number="55" hits="10" branch="false"/>
            <line number="56" hits="10" branch="false"/>
            <line number="57" hits="10" branch="false"/>
            <line number="58" hits="38" branch="false"/>
            <line number="59" hits="38" branch="false"/>
            <line number="68" hits="1" branch="false"/>
            <line number="76" hits="8" branch="false"/>
            <line number="84" hits="12" branch="true" condition-coverage="100% (2/2)"/>
            <line number="85" hits="1" branch="false"/>
            <line number="87" hits="11" branch="false"/>
            <line number="88" hits="11" branch="false"/>
            <line number="89" hits="11" branch="true" condition-coverage="100% (2/2)"/>
            <line number="90" hits="10" branch="true" condition-coverage="100% (2/2)"/>
            <line number="91" hits="2" branch="false"/>
            <line number="94" hits="3" branch="false"/>
            <line number="95" hits="1" branch="false"/>
            <line number="96" hits="1" branch="false"/>
            <line number="105" hits="1" branch="false"/>
            <line number="106" hits="2" branch="false"/>
            <line number="113" hits="3" branch="false"/>
            <line number="114" hits="3" branch="false"/>
            <line number="115" hits="3" branch="false"/>
            <line number="116" hits="12" branch="false"/>
            <line number="118" hits="3" branch="false"/>
            <line number="127" hits="50" branch="false"/>
          </lines>
        </class>
        <class name="gameElementInitializer.js" filename="dist/gameElementInitializer.js" line-rate="1" branch-rate="1">
          <methods>
            <method name="(anonymous_0)" hits="4" signature="()V">
              <lines>
                <line number="12" hits="4"/>
              </lines>
            </method>
            <method name="(anonymous_1)" hits="4" signature="()V">
              <lines>
                <line number="20" hits="4"/>
              </lines>
            </method>
            <method name="(anonymous_2)" hits="2" signature="()V">
              <lines>
                <line number="31" hits="2"/>
              </lines>
            </method>
            <method name="(anonymous_3)" hits="2" signature="()V">
              <lines>
                <line number="38" hits="2"/>
              </lines>
            </method>
            <method name="(anonymous_4)" hits="2" signature="()V">
              <lines>
                <line number="49" hits="2"/>
              </lines>
            </method>
            <method name="(anonymous_5)" hits="2" signature="()V">
              <lines>
                <line number="64" hits="2"/>
              </lines>
            </method>
            <method name="(anonymous_6)" hits="1" signature="()V">
              <lines>
                <line number="70" hits="1"/>
              </lines>
            </method>
          </methods>
          <lines>
            <line number="13" hits="4" branch="false"/>
            <line number="14" hits="2" branch="false"/>
            <line number="15" hits="2" branch="false"/>
            <line number="16" hits="2" branch="false"/>
            <line number="17" hits="2" branch="false"/>
            <line number="18" hits="2" branch="false"/>
            <line number="21" hits="4" branch="true" condition-coverage="100% (2/2)"/>
            <line number="22" hits="1" branch="false"/>
            <line number="24" hits="3" branch="true" condition-coverage="100% (2/2)"/>
            <line number="25" hits="1" branch="false"/>
            <line number="32" hits="2" branch="false"/>
            <line number="33" hits="2" branch="false"/>
            <line number="39" hits="2" branch="false"/>
            <line number="41" hits="2" branch="false"/>
            <line number="42" hits="2" branch="false"/>
            <line number="43" hits="2" branch="false"/>
            <line number="50" hits="2" branch="false"/>
            <line number="51" hits="2" branch="false"/>
            <line number="52" hits="2" branch="false"/>
            <line number="53" hits="2" branch="false"/>
            <line number="54" hits="8" branch="false"/>
            <line number="55" hits="8" branch="false"/>
            <line number="56" hits="8" branch="false"/>
            <line number="57" hits="8" branch="false"/>
            <line number="59" hits="2" branch="false"/>
            <line number="65" hits="2" branch="false"/>
            <line number="71" hits="1" branch="false"/>
          </lines>
        </class>
        <class name="gameEngine.js" filename="dist/gameEngine.js" line-rate="1" branch-rate="1">
          <methods>
            <method name="(anonymous_0)" hits="58" signature="()V">
              <lines>
                <line number="2" hits="58"/>
              </lines>
            </method>
            <method name="(anonymous_1)" hits="191" signature="()V">
              <lines>
                <line number="5" hits="191"/>
              </lines>
            </method>
            <method name="(anonymous_2)" hits="152" signature="()V">
              <lines>
                <line number="8" hits="152"/>
              </lines>
            </method>
            <method name="(anonymous_3)" hits="18" signature="()V">
              <lines>
                <line number="16" hits="18"/>
              </lines>
            </method>
            <method name="(anonymous_4)" hits="124" signature="()V">
              <lines>
                <line number="18" hits="124"/>
              </lines>
            </method>
            <method name="(anonymous_5)" hits="11" signature="()V">
              <lines>
                <line number="28" hits="11"/>
              </lines>
            </method>
            <method name="(anonymous_6)" hits="11" signature="()V">
              <lines>
                <line number="45" hits="11"/>
              </lines>
            </method>
            <method name="(anonymous_7)" hits="32" signature="()V">
              <lines>
                <line number="61" hits="32"/>
              </lines>
            </method>
            <method name="(anonymous_8)" hits="13" signature="()V">
              <lines>
                <line number="73" hits="13"/>
              </lines>
            </method>
            <method name="(anonymous_9)" hits="7" signature="()V">
              <lines>
                <line number="88" hits="7"/>
              </lines>
            </method>
            <method name="(anonymous_10)" hits="58" signature="()V">
              <lines>
                <line number="91" hits="58"/>
              </lines>
            </method>
            <method name="(anonymous_11)" hits="25" signature="()V">
              <lines>
                <line number="98" hits="25"/>
              </lines>
            </method>
            <method name="(anonymous_12)" hits="25" signature="()V">
              <lines>
                <line number="102" hits="25"/>
              </lines>
            </method>
          </methods>
          <lines>
            <line number="3" hits="58" branch="false"/>
            <line number="6" hits="191" branch="false"/>
            <line number="9" hits="152" branch="false"/>
            <line number="10" hits="152" branch="false"/>
            <line number="17" hits="18" branch="false"/>
            <line number="18" hits="18" branch="false"/>
            <line number="19" hits="124" branch="false"/>
            <line number="20" hits="124" branch="false"/>
            <line number="29" hits="11" branch="false"/>
            <line number="30" hits="7" branch="false"/>
            <line number="31" hits="7" branch="false"/>
            <line number="32" hits="7" branch="false"/>
            <line number="34" hits="13" branch="false"/>
            <line number="37" hits="7" branch="false"/>
            <line number="46" hits="11" branch="true" condition-coverage="100% (2/2)"/>
            <line number="47" hits="2" branch="false"/>
            <line number="49" hits="9" branch="true" condition-coverage="100% (2/2)"/>
            <line number="50" hits="1" branch="false"/>
            <line number="52" hits="8" branch="true" condition-coverage="100% (2/2)"/>
            <line number="53" hits="1" branch="false"/>
            <line number="62" hits="32" branch="false"/>
            <line number="63" hits="32" branch="false"/>
            <line number="64" hits="52" branch="false"/>
            <line number="65" hits="52" branch="false"/>
            <line number="67" hits="32" branch="false"/>
            <line number="75" hits="13" branch="false"/>
            <line number="76" hits="13" branch="false"/>
            <line number="77" hits="49" branch="false"/>
            <line number="78" hits="49" branch="false"/>
            <line number="80" hits="13" branch="false"/>
            <line number="81" hits="13" branch="false"/>
            <line number="82" hits="13" branch="false"/>
            <line number="89" hits="7" branch="false"/>
            <line number="91" hits="7" branch="false"/>
            <line number="92" hits="58" branch="true" condition-coverage="100% (2/2)"/>
            <line number="93" hits="25" branch="false"/>
            <line number="95" hits="58" branch="false"/>
            <line number="98" hits="7" branch="false"/>
            <line number="99" hits="25" branch="false"/>
            <line number="102" hits="7" branch="false"/>
            <line number="103" hits="25" branch="true" condition-coverage="100% (2/2)"/>
            <line number="104" hits="8" branch="false"/>
            <line number="107" hits="7" branch="false"/>
          </lines>
        </class>
        <class name="main.js" filename="dist/main.js" line-rate="0" branch-rate="1">
          <methods>
            <method name="run" hits="0" signature="()V">
              <lines>
                <line number="13" hits="0"/>
              </lines>
            </method>
          </methods>
          <lines>
            <line number="5" hits="0" branch="false"/>
            <line number="14" hits="0" branch="false"/>
            <line number="15" hits="0" branch="false"/>
          </lines>
        </class>
        <class name="topologyCardJsonLoader.js" filename="dist/topologyCardJsonLoader.js" line-rate="0" branch-rate="1">
          <methods>
            <method name="(anonymous_0)" hits="0" signature="()V">
              <lines>
                <line number="7" hits="0"/>
              </lines>
            </method>
            <method name="(anonymous_1)" hits="0" signature="()V">
              <lines>
                <line number="13" hits="0"/>
              </lines>
            </method>
          </methods>
          <lines>
            <line number="9" hits="0" branch="false"/>
            <line number="14" hits="0" branch="false"/>
            <line number="17" hits="0" branch="false"/>
          </lines>
        </class>
      </classes>
    </package>
  </packages>
</coverage>
