<?xml version="1.0" encoding="utf-8"?>
<coverage line-rate="0.8158" branch-rate="0.779" version="1.9" timestamp="1698066780" lines-covered="474" lines-valid="581" branches-covered="67" branches-valid="86">
  <sources>
    <source>D:\a\TopologyMatching\TopologyMatching\TopologyCardRegister\TopologyCardRegister\</source>
  </sources>
  <packages>
    <package name="TopologyCardRegister" line-rate="0.8158" branch-rate="0.779" complexity="127">
      <classes>
        <class name="TopologyCardRegister.Grid`1" filename="Grid.cs" line-rate="1" branch-rate="1" complexity="19">
          <methods>
            <method name="get_Item" signature="(TopologyCardRegister.Pos)" line-rate="1" branch-rate="1" complexity="1">
              <lines>
                <line number="28" hits="77799234" branch="False" />
              </lines>
            </method>
            <method name="set_Item" signature="(TopologyCardRegister.Pos,TCell)" line-rate="1" branch-rate="1" complexity="1">
              <lines>
                <line number="29" hits="3" branch="False" />
              </lines>
            </method>
            <method name="get_Item" signature="(System.Int32,System.Int32)" line-rate="1" branch-rate="1" complexity="1">
              <lines>
                <line number="34" hits="5264139" branch="False" />
              </lines>
            </method>
            <method name="set_Item" signature="(System.Int32,System.Int32,TCell)" line-rate="1" branch-rate="1" complexity="1">
              <lines>
                <line number="35" hits="3" branch="False" />
              </lines>
            </method>
            <method name="IsIn" signature="(TopologyCardRegister.Pos)" line-rate="1" branch-rate="1" complexity="1">
              <lines>
                <line number="42" hits="39688696" branch="False" />
                <line number="43" hits="39688696" branch="False" />
                <line number="44" hits="39688696" branch="False" />
              </lines>
            </method>
            <method name="IsIn" signature="(System.Int32,System.Int32)" line-rate="1" branch-rate="1" complexity="6">
              <lines>
                <line number="50" hits="39688701" branch="False" />
                <line number="51" hits="39688701" branch="True" condition-coverage="100% (6/6)">
                  <conditions>
                    <condition number="3" type="jump" coverage="100%" />
                    <condition number="14" type="jump" coverage="100%" />
                    <condition number="18" type="jump" coverage="100%" />
                  </conditions>
                </line>
                <line number="52" hits="39688701" branch="False" />
              </lines>
            </method>
            <method name="For" signature="(System.Action`2&lt;System.Int32,System.Int32&gt;)" line-rate="1" branch-rate="1" complexity="4">
              <lines>
                <line number="58" hits="40" branch="False" />
                <line number="59" hits="31344" branch="True" condition-coverage="100% (2/2)">
                  <conditions>
                    <condition number="54" type="jump" coverage="100%" />
                  </conditions>
                </line>
                <line number="60" hits="15632" branch="False" />
                <line number="61" hits="31616056" branch="True" condition-coverage="100% (2/2)">
                  <conditions>
                    <condition number="36" type="jump" coverage="100%" />
                  </conditions>
                </line>
                <line number="62" hits="15792396" branch="False" />
                <line number="63" hits="15792396" branch="False" />
                <line number="64" hits="15792396" branch="False" />
                <line number="65" hits="15632" branch="False" />
                <line number="66" hits="40" branch="False" />
              </lines>
            </method>
            <method name=".ctor" signature="(System.Int32,System.Int32)" line-rate="1" branch-rate="1" complexity="4">
              <lines>
                <line number="12" hits="33" branch="False" />
                <line number="13" hits="33" branch="False" />
                <line number="14" hits="33" branch="False" />
                <line number="15" hits="33" branch="False" />
                <line number="16" hits="33" branch="False" />
                <line number="17" hits="10618" branch="True" condition-coverage="100% (2/2)">
                  <conditions>
                    <condition number="87" type="jump" coverage="100%" />
                  </conditions>
                </line>
                <line number="18" hits="5278" branch="False" />
                <line number="19" hits="10539736" branch="True" condition-coverage="100% (2/2)">
                  <conditions>
                    <condition number="74" type="jump" coverage="100%" />
                  </conditions>
                </line>
                <line number="20" hits="5264590" branch="False" />
                <line number="21" hits="5264590" branch="False" />
                <line number="22" hits="5264590" branch="False" />
                <line number="23" hits="5278" branch="False" />
                <line number="24" hits="31" branch="False" />
              </lines>
            </method>
          </methods>
          <lines>
            <line number="28" hits="77799234" branch="False" />
            <line number="29" hits="3" branch="False" />
            <line number="34" hits="5264139" branch="False" />
            <line number="35" hits="3" branch="False" />
            <line number="42" hits="39688696" branch="False" />
            <line number="43" hits="39688696" branch="False" />
            <line number="44" hits="39688696" branch="False" />
            <line number="50" hits="39688701" branch="False" />
            <line number="51" hits="39688701" branch="True" condition-coverage="100% (6/6)">
              <conditions>
                <condition number="3" type="jump" coverage="100%" />
                <condition number="14" type="jump" coverage="100%" />
                <condition number="18" type="jump" coverage="100%" />
              </conditions>
            </line>
            <line number="52" hits="39688701" branch="False" />
            <line number="58" hits="40" branch="False" />
            <line number="59" hits="31344" branch="True" condition-coverage="100% (2/2)">
              <conditions>
                <condition number="54" type="jump" coverage="100%" />
              </conditions>
            </line>
            <line number="60" hits="15632" branch="False" />
            <line number="61" hits="31616056" branch="True" condition-coverage="100% (2/2)">
              <conditions>
                <condition number="36" type="jump" coverage="100%" />
              </conditions>
            </line>
            <line number="62" hits="15792396" branch="False" />
            <line number="63" hits="15792396" branch="False" />
            <line number="64" hits="15792396" branch="False" />
            <line number="65" hits="15632" branch="False" />
            <line number="66" hits="40" branch="False" />
            <line number="12" hits="33" branch="False" />
            <line number="13" hits="33" branch="False" />
            <line number="14" hits="33" branch="False" />
            <line number="15" hits="33" branch="False" />
            <line number="16" hits="33" branch="False" />
            <line number="17" hits="10618" branch="True" condition-coverage="100% (2/2)">
              <conditions>
                <condition number="87" type="jump" coverage="100%" />
              </conditions>
            </line>
            <line number="18" hits="5278" branch="False" />
            <line number="19" hits="10539736" branch="True" condition-coverage="100% (2/2)">
              <conditions>
                <condition number="74" type="jump" coverage="100%" />
              </conditions>
            </line>
            <line number="20" hits="5264590" branch="False" />
            <line number="21" hits="5264590" branch="False" />
            <line number="22" hits="5264590" branch="False" />
            <line number="23" hits="5278" branch="False" />
            <line number="24" hits="31" branch="False" />
          </lines>
        </class>
        <class name="TopologyCardRegister.JsonSaver" filename="JsonSaver.cs" line-rate="1" branch-rate="1" complexity="4">
          <methods>
            <method name="SaveJson" signature="(System.String,System.String,System.Int32[])" line-rate="1" branch-rate="1" complexity="2">
              <lines>
                <line number="24" hits="12" branch="False" />
                <line number="25" hits="12" branch="False" />
                <line number="26" hits="12" branch="True" condition-coverage="100% (2/2)">
                  <conditions>
                    <condition number="28" type="jump" coverage="100%" />
                  </conditions>
                </line>
                <line number="27" hits="4" branch="False" />
                <line number="28" hits="4" branch="False" />
                <line number="29" hits="4" branch="False" />
                <line number="32" hits="14" branch="False" />
                <line number="34" hits="12" branch="False" />
                <line number="36" hits="12" branch="False" />
                <line number="37" hits="11" branch="False" />
              </lines>
            </method>
            <method name="LoadTopologyCardJson" signature="(System.String)" line-rate="1" branch-rate="1" complexity="2">
              <lines>
                <line number="43" hits="4" branch="False" />
                <line number="45" hits="4" branch="False" />
                <line number="46" hits="4" branch="False" />
                <line number="48" hits="3" branch="True" condition-coverage="100% (2/2)">
                  <conditions>
                    <condition number="20" type="jump" coverage="100%" />
                  </conditions>
                </line>
                <line number="49" hits="2" branch="False" />
                <line number="50" hits="2" branch="False" />
                <line number="52" hits="1" branch="False" />
                <line number="53" hits="1" branch="False" />
                <line number="54" hits="1" branch="False" />
                <line number="55" hits="1" branch="False" />
                <line number="58" hits="1" branch="False" />
                <line number="59" hits="4" branch="False" />
              </lines>
            </method>
          </methods>
          <lines>
            <line number="24" hits="12" branch="False" />
            <line number="25" hits="12" branch="False" />
            <line number="26" hits="12" branch="True" condition-coverage="100% (2/2)">
              <conditions>
                <condition number="28" type="jump" coverage="100%" />
              </conditions>
            </line>
            <line number="27" hits="4" branch="False" />
            <line number="28" hits="4" branch="False" />
            <line number="29" hits="4" branch="False" />
            <line number="32" hits="14" branch="False" />
            <line number="34" hits="12" branch="False" />
            <line number="36" hits="12" branch="False" />
            <line number="37" hits="11" branch="False" />
            <line number="43" hits="4" branch="False" />
            <line number="45" hits="4" branch="False" />
            <line number="46" hits="4" branch="False" />
            <line number="48" hits="3" branch="True" condition-coverage="100% (2/2)">
              <conditions>
                <condition number="20" type="jump" coverage="100%" />
              </conditions>
            </line>
            <line number="49" hits="2" branch="False" />
            <line number="50" hits="2" branch="False" />
            <line number="52" hits="1" branch="False" />
            <line number="53" hits="1" branch="False" />
            <line number="54" hits="1" branch="False" />
            <line number="55" hits="1" branch="False" />
            <line number="58" hits="1" branch="False" />
            <line number="59" hits="4" branch="False" />
          </lines>
        </class>
        <class name="TopologyCardRegister.JsonSaver/TopologyCard" filename="JsonSaver.cs" line-rate="1" branch-rate="1" complexity="3">
          <methods>
            <method name="get_ImageName" signature="()" line-rate="1" branch-rate="1" complexity="1">
              <lines>
                <line number="9" hits="31" branch="False" />
              </lines>
            </method>
            <method name="get_HoleCount" signature="()" line-rate="1" branch-rate="1" complexity="1">
              <lines>
                <line number="10" hits="27" branch="False" />
              </lines>
            </method>
            <method name=".ctor" signature="(System.String,System.Int32[])" line-rate="1" branch-rate="1" complexity="1">
              <lines>
                <line number="12" hits="14" branch="False" />
                <line number="13" hits="14" branch="False" />
                <line number="14" hits="14" branch="False" />
                <line number="15" hits="14" branch="False" />
                <line number="16" hits="14" branch="False" />
              </lines>
            </method>
          </methods>
          <lines>
            <line number="9" hits="31" branch="False" />
            <line number="10" hits="27" branch="False" />
            <line number="12" hits="14" branch="False" />
            <line number="13" hits="14" branch="False" />
            <line number="14" hits="14" branch="False" />
            <line number="15" hits="14" branch="False" />
            <line number="16" hits="14" branch="False" />
          </lines>
        </class>
        <class name="TopologyCardRegister.MainForm" filename="MainForm.cs" line-rate="0.0808" branch-rate="0" complexity="23">
          <methods>
            <method name="OnClickLoadSvgButton" signature="(System.Object,System.EventArgs)" line-rate="0" branch-rate="0" complexity="2">
              <lines>
                <line number="23" hits="0" branch="False" />
                <line number="24" hits="0" branch="False" />
                <line number="26" hits="0" branch="True" condition-coverage="0% (0/2)">
                  <conditions>
                    <condition number="24" type="jump" coverage="0%" />
                  </conditions>
                </line>
                <line number="27" hits="0" branch="False" />
                <line number="28" hits="0" branch="False" />
                <line number="29" hits="0" branch="False" />
                <line number="30" hits="0" branch="False" />
                <line number="31" hits="0" branch="False" />
                <line number="32" hits="0" branch="False" />
                <line number="33" hits="0" branch="False" />
              </lines>
            </method>
            <method name="DisplaySvg" signature="(System.String)" line-rate="0" branch-rate="1" complexity="1">
              <lines>
                <line number="39" hits="0" branch="False" />
                <line number="40" hits="0" branch="False" />
                <line number="41" hits="0" branch="False" />
                <line number="43" hits="0" branch="False" />
                <line number="44" hits="0" branch="False" />
                <line number="46" hits="0" branch="False" />
                <line number="47" hits="0" branch="False" />
              </lines>
            </method>
            <method name="DisplayHoleCount" signature="()" line-rate="0" branch-rate="1" complexity="1">
              <lines>
                <line number="53" hits="0" branch="False" />
                <line number="54" hits="0" branch="False" />
                <line number="55" hits="0" branch="False" />
                <line number="56" hits="0" branch="False" />
              </lines>
            </method>
            <method name="RequestSvgFilePaths" signature="()" line-rate="0" branch-rate="0" complexity="2">
              <lines>
                <line number="62" hits="0" branch="False" />
                <line number="63" hits="0" branch="False" />
                <line number="64" hits="0" branch="False" />
                <line number="65" hits="0" branch="False" />
                <line number="66" hits="0" branch="False" />
                <line number="68" hits="0" branch="True" condition-coverage="0% (0/2)">
                  <conditions>
                    <condition number="39" type="jump" coverage="0%" />
                  </conditions>
                </line>
                <line number="69" hits="0" branch="False" />
                <line number="70" hits="0" branch="False" />
                <line number="72" hits="0" branch="False" />
                <line number="74" hits="0" branch="False" />
                <line number="75" hits="0" branch="False" />
              </lines>
            </method>
            <method name="OnClickOutputSvgButton" signature="(System.Object,System.EventArgs)" line-rate="0" branch-rate="0" complexity="2">
              <lines>
                <line number="81" hits="0" branch="False" />
                <line number="82" hits="0" branch="False" />
                <line number="83" hits="0" branch="False" />
                <line number="84" hits="0" branch="True" condition-coverage="0% (0/2)">
                  <conditions>
                    <condition number="19" type="jump" coverage="0%" />
                  </conditions>
                </line>
                <line number="85" hits="0" branch="False" />
                <line number="86" hits="0" branch="False" />
                <line number="87" hits="0" branch="False" />
                <line number="88" hits="0" branch="False" />
                <line number="89" hits="0" branch="False" />
                <line number="90" hits="0" branch="False" />
              </lines>
            </method>
            <method name="OnClickOutputHoleCountbutton" signature="(System.Object,System.EventArgs)" line-rate="0" branch-rate="0" complexity="2">
              <lines>
                <line number="96" hits="0" branch="False" />
                <line number="97" hits="0" branch="False" />
                <line number="98" hits="0" branch="False" />
                <line number="99" hits="0" branch="False" />
                <line number="100" hits="0" branch="False" />
                <line number="102" hits="0" branch="True" condition-coverage="0% (0/2)">
                  <conditions>
                    <condition number="39" type="jump" coverage="0%" />
                  </conditions>
                </line>
                <line number="103" hits="0" branch="False" />
                <line number="104" hits="0" branch="False" />
                <line number="105" hits="0" branch="False" />
                <line number="106" hits="0" branch="False" />
                <line number="107" hits="0" branch="False" />
                <line number="108" hits="0" branch="False" />
              </lines>
            </method>
            <method name="OnClickSaveCardButton" signature="(System.Object,System.EventArgs)" line-rate="0" branch-rate="1" complexity="1">
              <lines>
                <line number="114" hits="0" branch="False" />
                <line number="115" hits="0" branch="False" />
                <line number="116" hits="0" branch="False" />
                <line number="118" hits="0" branch="False" />
                <line number="119" hits="0" branch="False" />
              </lines>
            </method>
            <method name="TryEnableSaveCardButton" signature="()" line-rate="0" branch-rate="0" complexity="2">
              <lines>
                <line number="125" hits="0" branch="False" />
                <line number="126" hits="0" branch="True" condition-coverage="0% (0/2)">
                  <conditions>
                    <condition number="9" type="jump" coverage="0%" />
                  </conditions>
                </line>
                <line number="127" hits="0" branch="False" />
                <line number="128" hits="0" branch="False" />
                <line number="129" hits="0" branch="False" />
                <line number="130" hits="0" branch="False" />
              </lines>
            </method>
            <method name="CanSaveCard" signature="()" line-rate="0" branch-rate="0" complexity="6">
              <lines>
                <line number="136" hits="0" branch="False" />
                <line number="137" hits="0" branch="True" condition-coverage="0% (0/2)">
                  <conditions>
                    <condition number="24" type="jump" coverage="0%" />
                  </conditions>
                </line>
                <line number="138" hits="0" branch="False" />
                <line number="139" hits="0" branch="False" />
                <line number="141" hits="0" branch="True" condition-coverage="0% (0/2)">
                  <conditions>
                    <condition number="54" type="jump" coverage="0%" />
                  </conditions>
                </line>
                <line number="142" hits="0" branch="False" />
                <line number="143" hits="0" branch="False" />
                <line number="145" hits="0" branch="True" condition-coverage="0% (0/2)">
                  <conditions>
                    <condition number="84" type="jump" coverage="0%" />
                  </conditions>
                </line>
                <line number="146" hits="0" branch="False" />
                <line number="147" hits="0" branch="False" />
                <line number="150" hits="0" branch="False" />
                <line number="151" hits="0" branch="False" />
              </lines>
            </method>
            <method name="TryTogglePaginationButton" signature="()" line-rate="0" branch-rate="1" complexity="1">
              <lines>
                <line number="157" hits="0" branch="False" />
                <line number="158" hits="0" branch="False" />
                <line number="159" hits="0" branch="False" />
                <line number="160" hits="0" branch="False" />
              </lines>
            </method>
            <method name="OnClickPrevButton" signature="(System.Object,System.EventArgs)" line-rate="0" branch-rate="1" complexity="1">
              <lines>
                <line number="166" hits="0" branch="False" />
                <line number="167" hits="0" branch="False" />
                <line number="168" hits="0" branch="False" />
                <line number="169" hits="0" branch="False" />
                <line number="170" hits="0" branch="False" />
              </lines>
            </method>
            <method name="OnClickNextButton" signature="(System.Object,System.EventArgs)" line-rate="0" branch-rate="1" complexity="1">
              <lines>
                <line number="176" hits="0" branch="False" />
                <line number="177" hits="0" branch="False" />
                <line number="178" hits="0" branch="False" />
                <line number="179" hits="0" branch="False" />
                <line number="180" hits="0" branch="False" />
              </lines>
            </method>
            <method name=".ctor" signature="()" line-rate="1" branch-rate="1" complexity="1">
              <lines>
                <line number="9" hits="2" branch="False" />
                <line number="10" hits="2" branch="False" />
                <line number="11" hits="2" branch="False" />
                <line number="12" hits="2" branch="False" />
                <line number="13" hits="2" branch="False" />
                <line number="15" hits="2" branch="False" />
                <line number="16" hits="2" branch="False" />
                <line number="17" hits="2" branch="False" />
              </lines>
            </method>
          </methods>
          <lines>
            <line number="23" hits="0" branch="False" />
            <line number="24" hits="0" branch="False" />
            <line number="26" hits="0" branch="True" condition-coverage="0% (0/2)">
              <conditions>
                <condition number="24" type="jump" coverage="0%" />
              </conditions>
            </line>
            <line number="27" hits="0" branch="False" />
            <line number="28" hits="0" branch="False" />
            <line number="29" hits="0" branch="False" />
            <line number="30" hits="0" branch="False" />
            <line number="31" hits="0" branch="False" />
            <line number="32" hits="0" branch="False" />
            <line number="33" hits="0" branch="False" />
            <line number="39" hits="0" branch="False" />
            <line number="40" hits="0" branch="False" />
            <line number="41" hits="0" branch="False" />
            <line number="43" hits="0" branch="False" />
            <line number="44" hits="0" branch="False" />
            <line number="46" hits="0" branch="False" />
            <line number="47" hits="0" branch="False" />
            <line number="53" hits="0" branch="False" />
            <line number="54" hits="0" branch="False" />
            <line number="55" hits="0" branch="False" />
            <line number="56" hits="0" branch="False" />
            <line number="62" hits="0" branch="False" />
            <line number="63" hits="0" branch="False" />
            <line number="64" hits="0" branch="False" />
            <line number="65" hits="0" branch="False" />
            <line number="66" hits="0" branch="False" />
            <line number="68" hits="0" branch="True" condition-coverage="0% (0/2)">
              <conditions>
                <condition number="39" type="jump" coverage="0%" />
              </conditions>
            </line>
            <line number="69" hits="0" branch="False" />
            <line number="70" hits="0" branch="False" />
            <line number="72" hits="0" branch="False" />
            <line number="74" hits="0" branch="False" />
            <line number="75" hits="0" branch="False" />
            <line number="81" hits="0" branch="False" />
            <line number="82" hits="0" branch="False" />
            <line number="83" hits="0" branch="False" />
            <line number="84" hits="0" branch="True" condition-coverage="0% (0/2)">
              <conditions>
                <condition number="19" type="jump" coverage="0%" />
              </conditions>
            </line>
            <line number="85" hits="0" branch="False" />
            <line number="86" hits="0" branch="False" />
            <line number="87" hits="0" branch="False" />
            <line number="88" hits="0" branch="False" />
            <line number="89" hits="0" branch="False" />
            <line number="90" hits="0" branch="False" />
            <line number="96" hits="0" branch="False" />
            <line number="97" hits="0" branch="False" />
            <line number="98" hits="0" branch="False" />
            <line number="99" hits="0" branch="False" />
            <line number="100" hits="0" branch="False" />
            <line number="102" hits="0" branch="True" condition-coverage="0% (0/2)">
              <conditions>
                <condition number="39" type="jump" coverage="0%" />
              </conditions>
            </line>
            <line number="103" hits="0" branch="False" />
            <line number="104" hits="0" branch="False" />
            <line number="105" hits="0" branch="False" />
            <line number="106" hits="0" branch="False" />
            <line number="107" hits="0" branch="False" />
            <line number="108" hits="0" branch="False" />
            <line number="114" hits="0" branch="False" />
            <line number="115" hits="0" branch="False" />
            <line number="116" hits="0" branch="False" />
            <line number="118" hits="0" branch="False" />
            <line number="119" hits="0" branch="False" />
            <line number="125" hits="0" branch="False" />
            <line number="126" hits="0" branch="True" condition-coverage="0% (0/2)">
              <conditions>
                <condition number="9" type="jump" coverage="0%" />
              </conditions>
            </line>
            <line number="127" hits="0" branch="False" />
            <line number="128" hits="0" branch="False" />
            <line number="129" hits="0" branch="False" />
            <line number="130" hits="0" branch="False" />
            <line number="136" hits="0" branch="False" />
            <line number="137" hits="0" branch="True" condition-coverage="0% (0/2)">
              <conditions>
                <condition number="24" type="jump" coverage="0%" />
              </conditions>
            </line>
            <line number="138" hits="0" branch="False" />
            <line number="139" hits="0" branch="False" />
            <line number="141" hits="0" branch="True" condition-coverage="0% (0/2)">
              <conditions>
                <condition number="54" type="jump" coverage="0%" />
              </conditions>
            </line>
            <line number="142" hits="0" branch="False" />
            <line number="143" hits="0" branch="False" />
            <line number="145" hits="0" branch="True" condition-coverage="0% (0/2)">
              <conditions>
                <condition number="84" type="jump" coverage="0%" />
              </conditions>
            </line>
            <line number="146" hits="0" branch="False" />
            <line number="147" hits="0" branch="False" />
            <line number="150" hits="0" branch="False" />
            <line number="151" hits="0" branch="False" />
            <line number="157" hits="0" branch="False" />
            <line number="158" hits="0" branch="False" />
            <line number="159" hits="0" branch="False" />
            <line number="160" hits="0" branch="False" />
            <line number="166" hits="0" branch="False" />
            <line number="167" hits="0" branch="False" />
            <line number="168" hits="0" branch="False" />
            <line number="169" hits="0" branch="False" />
            <line number="170" hits="0" branch="False" />
            <line number="176" hits="0" branch="False" />
            <line number="177" hits="0" branch="False" />
            <line number="178" hits="0" branch="False" />
            <line number="179" hits="0" branch="False" />
            <line number="180" hits="0" branch="False" />
            <line number="9" hits="2" branch="False" />
            <line number="10" hits="2" branch="False" />
            <line number="11" hits="2" branch="False" />
            <line number="12" hits="2" branch="False" />
            <line number="13" hits="2" branch="False" />
            <line number="15" hits="2" branch="False" />
            <line number="16" hits="2" branch="False" />
            <line number="17" hits="2" branch="False" />
          </lines>
        </class>
        <class name="TopologyCardRegister.MainForm" filename="MainForm.Designer.cs" line-rate="0.9823000000000001" branch-rate="0.75" complexity="6">
          <methods>
            <method name="Dispose" signature="(System.Boolean)" line-rate="0.5714" branch-rate="0.75" complexity="4">
              <lines>
                <line number="15" hits="2" branch="False" />
                <line number="16" hits="2" branch="True" condition-coverage="75% (3/4)">
                  <conditions>
                    <condition number="2" type="jump" coverage="100%" />
                    <condition number="18" type="jump" coverage="50%" />
                  </conditions>
                </line>
                <line number="17" hits="0" branch="False" />
                <line number="18" hits="0" branch="False" />
                <line number="19" hits="0" branch="False" />
                <line number="20" hits="2" branch="False" />
                <line number="21" hits="2" branch="False" />
              </lines>
            </method>
            <method name="InitializeComponent" signature="()" line-rate="1" branch-rate="1" complexity="1">
              <lines>
                <line number="30" hits="2" branch="False" />
                <line number="31" hits="2" branch="False" />
                <line number="32" hits="2" branch="False" />
                <line number="33" hits="2" branch="False" />
                <line number="34" hits="2" branch="False" />
                <line number="35" hits="2" branch="False" />
                <line number="36" hits="2" branch="False" />
                <line number="37" hits="2" branch="False" />
                <line number="38" hits="2" branch="False" />
                <line number="39" hits="2" branch="False" />
                <line number="40" hits="2" branch="False" />
                <line number="41" hits="2" branch="False" />
                <line number="42" hits="2" branch="False" />
                <line number="43" hits="2" branch="False" />
                <line number="44" hits="2" branch="False" />
                <line number="45" hits="2" branch="False" />
                <line number="46" hits="2" branch="False" />
                <line number="47" hits="2" branch="False" />
                <line number="48" hits="2" branch="False" />
                <line number="49" hits="2" branch="False" />
                <line number="50" hits="2" branch="False" />
                <line number="51" hits="2" branch="False" />
                <line number="52" hits="2" branch="False" />
                <line number="53" hits="2" branch="False" />
                <line number="57" hits="2" branch="False" />
                <line number="58" hits="2" branch="False" />
                <line number="59" hits="2" branch="False" />
                <line number="60" hits="2" branch="False" />
                <line number="61" hits="2" branch="False" />
                <line number="62" hits="2" branch="False" />
                <line number="63" hits="2" branch="False" />
                <line number="67" hits="2" branch="False" />
                <line number="68" hits="2" branch="False" />
                <line number="69" hits="2" branch="False" />
                <line number="70" hits="2" branch="False" />
                <line number="71" hits="2" branch="False" />
                <line number="72" hits="2" branch="False" />
                <line number="76" hits="2" branch="False" />
                <line number="77" hits="2" branch="False" />
                <line number="78" hits="2" branch="False" />
                <line number="79" hits="2" branch="False" />
                <line number="80" hits="2" branch="False" />
                <line number="81" hits="2" branch="False" />
                <line number="85" hits="2" branch="False" />
                <line number="86" hits="2" branch="False" />
                <line number="87" hits="2" branch="False" />
                <line number="88" hits="2" branch="False" />
                <line number="89" hits="2" branch="False" />
                <line number="90" hits="2" branch="False" />
                <line number="91" hits="2" branch="False" />
                <line number="95" hits="2" branch="False" />
                <line number="96" hits="2" branch="False" />
                <line number="97" hits="2" branch="False" />
                <line number="98" hits="2" branch="False" />
                <line number="99" hits="2" branch="False" />
                <line number="100" hits="2" branch="False" />
                <line number="101" hits="2" branch="False" />
                <line number="105" hits="2" branch="False" />
                <line number="106" hits="2" branch="False" />
                <line number="107" hits="2" branch="False" />
                <line number="108" hits="2" branch="False" />
                <line number="109" hits="2" branch="False" />
                <line number="110" hits="2" branch="False" />
                <line number="111" hits="2" branch="False" />
                <line number="115" hits="2" branch="False" />
                <line number="116" hits="2" branch="False" />
                <line number="117" hits="2" branch="False" />
                <line number="118" hits="2" branch="False" />
                <line number="119" hits="2" branch="False" />
                <line number="120" hits="2" branch="False" />
                <line number="121" hits="2" branch="False" />
                <line number="125" hits="2" branch="False" />
                <line number="126" hits="2" branch="False" />
                <line number="127" hits="2" branch="False" />
                <line number="128" hits="2" branch="False" />
                <line number="129" hits="2" branch="False" />
                <line number="130" hits="2" branch="False" />
                <line number="131" hits="2" branch="False" />
                <line number="132" hits="2" branch="False" />
                <line number="136" hits="2" branch="False" />
                <line number="137" hits="2" branch="False" />
                <line number="138" hits="2" branch="False" />
                <line number="139" hits="2" branch="False" />
                <line number="140" hits="2" branch="False" />
                <line number="141" hits="2" branch="False" />
                <line number="142" hits="2" branch="False" />
                <line number="146" hits="2" branch="False" />
                <line number="147" hits="2" branch="False" />
                <line number="148" hits="2" branch="False" />
                <line number="149" hits="2" branch="False" />
                <line number="150" hits="2" branch="False" />
                <line number="151" hits="2" branch="False" />
                <line number="152" hits="2" branch="False" />
                <line number="156" hits="2" branch="False" />
                <line number="157" hits="2" branch="False" />
                <line number="158" hits="2" branch="False" />
                <line number="159" hits="2" branch="False" />
                <line number="160" hits="2" branch="False" />
                <line number="161" hits="2" branch="False" />
                <line number="162" hits="2" branch="False" />
                <line number="166" hits="2" branch="False" />
                <line number="167" hits="2" branch="False" />
                <line number="168" hits="2" branch="False" />
                <line number="169" hits="2" branch="False" />
                <line number="170" hits="2" branch="False" />
                <line number="171" hits="2" branch="False" />
                <line number="172" hits="2" branch="False" />
                <line number="176" hits="2" branch="False" />
                <line number="177" hits="2" branch="False" />
                <line number="178" hits="2" branch="False" />
                <line number="182" hits="2" branch="False" />
                <line number="183" hits="2" branch="False" />
                <line number="184" hits="2" branch="False" />
                <line number="188" hits="2" branch="False" />
                <line number="189" hits="2" branch="False" />
                <line number="190" hits="2" branch="False" />
                <line number="191" hits="2" branch="False" />
                <line number="192" hits="2" branch="False" />
                <line number="193" hits="2" branch="False" />
                <line number="197" hits="2" branch="False" />
                <line number="198" hits="2" branch="False" />
                <line number="199" hits="2" branch="False" />
                <line number="200" hits="2" branch="False" />
                <line number="201" hits="2" branch="False" />
                <line number="202" hits="2" branch="False" />
                <line number="203" hits="2" branch="False" />
                <line number="204" hits="2" branch="False" />
                <line number="208" hits="2" branch="False" />
                <line number="209" hits="2" branch="False" />
                <line number="210" hits="2" branch="False" />
                <line number="211" hits="2" branch="False" />
                <line number="212" hits="2" branch="False" />
                <line number="213" hits="2" branch="False" />
                <line number="214" hits="2" branch="False" />
                <line number="215" hits="2" branch="False" />
                <line number="219" hits="2" branch="False" />
                <line number="220" hits="2" branch="False" />
                <line number="221" hits="2" branch="False" />
                <line number="222" hits="2" branch="False" />
                <line number="223" hits="2" branch="False" />
                <line number="224" hits="2" branch="False" />
                <line number="225" hits="2" branch="False" />
                <line number="226" hits="2" branch="False" />
                <line number="227" hits="2" branch="False" />
                <line number="228" hits="2" branch="False" />
                <line number="229" hits="2" branch="False" />
                <line number="230" hits="2" branch="False" />
                <line number="231" hits="2" branch="False" />
                <line number="232" hits="2" branch="False" />
                <line number="233" hits="2" branch="False" />
                <line number="234" hits="2" branch="False" />
                <line number="235" hits="2" branch="False" />
                <line number="236" hits="2" branch="False" />
                <line number="237" hits="2" branch="False" />
                <line number="238" hits="2" branch="False" />
                <line number="239" hits="2" branch="False" />
                <line number="240" hits="2" branch="False" />
                <line number="241" hits="2" branch="False" />
                <line number="242" hits="2" branch="False" />
                <line number="243" hits="2" branch="False" />
                <line number="244" hits="2" branch="False" />
                <line number="245" hits="2" branch="False" />
              </lines>
            </method>
            <method name=".ctor" signature="()" line-rate="1" branch-rate="1" complexity="1">
              <lines>
                <line number="8" hits="2" branch="False" />
              </lines>
            </method>
          </methods>
          <lines>
            <line number="15" hits="2" branch="False" />
            <line number="16" hits="2" branch="True" condition-coverage="75% (3/4)">
              <conditions>
                <condition number="2" type="jump" coverage="100%" />
                <condition number="18" type="jump" coverage="50%" />
              </conditions>
            </line>
            <line number="17" hits="0" branch="False" />
            <line number="18" hits="0" branch="False" />
            <line number="19" hits="0" branch="False" />
            <line number="20" hits="2" branch="False" />
            <line number="21" hits="2" branch="False" />
            <line number="30" hits="2" branch="False" />
            <line number="31" hits="2" branch="False" />
            <line number="32" hits="2" branch="False" />
            <line number="33" hits="2" branch="False" />
            <line number="34" hits="2" branch="False" />
            <line number="35" hits="2" branch="False" />
            <line number="36" hits="2" branch="False" />
            <line number="37" hits="2" branch="False" />
            <line number="38" hits="2" branch="False" />
            <line number="39" hits="2" branch="False" />
            <line number="40" hits="2" branch="False" />
            <line number="41" hits="2" branch="False" />
            <line number="42" hits="2" branch="False" />
            <line number="43" hits="2" branch="False" />
            <line number="44" hits="2" branch="False" />
            <line number="45" hits="2" branch="False" />
            <line number="46" hits="2" branch="False" />
            <line number="47" hits="2" branch="False" />
            <line number="48" hits="2" branch="False" />
            <line number="49" hits="2" branch="False" />
            <line number="50" hits="2" branch="False" />
            <line number="51" hits="2" branch="False" />
            <line number="52" hits="2" branch="False" />
            <line number="53" hits="2" branch="False" />
            <line number="57" hits="2" branch="False" />
            <line number="58" hits="2" branch="False" />
            <line number="59" hits="2" branch="False" />
            <line number="60" hits="2" branch="False" />
            <line number="61" hits="2" branch="False" />
            <line number="62" hits="2" branch="False" />
            <line number="63" hits="2" branch="False" />
            <line number="67" hits="2" branch="False" />
            <line number="68" hits="2" branch="False" />
            <line number="69" hits="2" branch="False" />
            <line number="70" hits="2" branch="False" />
            <line number="71" hits="2" branch="False" />
            <line number="72" hits="2" branch="False" />
            <line number="76" hits="2" branch="False" />
            <line number="77" hits="2" branch="False" />
            <line number="78" hits="2" branch="False" />
            <line number="79" hits="2" branch="False" />
            <line number="80" hits="2" branch="False" />
            <line number="81" hits="2" branch="False" />
            <line number="85" hits="2" branch="False" />
            <line number="86" hits="2" branch="False" />
            <line number="87" hits="2" branch="False" />
            <line number="88" hits="2" branch="False" />
            <line number="89" hits="2" branch="False" />
            <line number="90" hits="2" branch="False" />
            <line number="91" hits="2" branch="False" />
            <line number="95" hits="2" branch="False" />
            <line number="96" hits="2" branch="False" />
            <line number="97" hits="2" branch="False" />
            <line number="98" hits="2" branch="False" />
            <line number="99" hits="2" branch="False" />
            <line number="100" hits="2" branch="False" />
            <line number="101" hits="2" branch="False" />
            <line number="105" hits="2" branch="False" />
            <line number="106" hits="2" branch="False" />
            <line number="107" hits="2" branch="False" />
            <line number="108" hits="2" branch="False" />
            <line number="109" hits="2" branch="False" />
            <line number="110" hits="2" branch="False" />
            <line number="111" hits="2" branch="False" />
            <line number="115" hits="2" branch="False" />
            <line number="116" hits="2" branch="False" />
            <line number="117" hits="2" branch="False" />
            <line number="118" hits="2" branch="False" />
            <line number="119" hits="2" branch="False" />
            <line number="120" hits="2" branch="False" />
            <line number="121" hits="2" branch="False" />
            <line number="125" hits="2" branch="False" />
            <line number="126" hits="2" branch="False" />
            <line number="127" hits="2" branch="False" />
            <line number="128" hits="2" branch="False" />
            <line number="129" hits="2" branch="False" />
            <line number="130" hits="2" branch="False" />
            <line number="131" hits="2" branch="False" />
            <line number="132" hits="2" branch="False" />
            <line number="136" hits="2" branch="False" />
            <line number="137" hits="2" branch="False" />
            <line number="138" hits="2" branch="False" />
            <line number="139" hits="2" branch="False" />
            <line number="140" hits="2" branch="False" />
            <line number="141" hits="2" branch="False" />
            <line number="142" hits="2" branch="False" />
            <line number="146" hits="2" branch="False" />
            <line number="147" hits="2" branch="False" />
            <line number="148" hits="2" branch="False" />
            <line number="149" hits="2" branch="False" />
            <line number="150" hits="2" branch="False" />
            <line number="151" hits="2" branch="False" />
            <line number="152" hits="2" branch="False" />
            <line number="156" hits="2" branch="False" />
            <line number="157" hits="2" branch="False" />
            <line number="158" hits="2" branch="False" />
            <line number="159" hits="2" branch="False" />
            <line number="160" hits="2" branch="False" />
            <line number="161" hits="2" branch="False" />
            <line number="162" hits="2" branch="False" />
            <line number="166" hits="2" branch="False" />
            <line number="167" hits="2" branch="False" />
            <line number="168" hits="2" branch="False" />
            <line number="169" hits="2" branch="False" />
            <line number="170" hits="2" branch="False" />
            <line number="171" hits="2" branch="False" />
            <line number="172" hits="2" branch="False" />
            <line number="176" hits="2" branch="False" />
            <line number="177" hits="2" branch="False" />
            <line number="178" hits="2" branch="False" />
            <line number="182" hits="2" branch="False" />
            <line number="183" hits="2" branch="False" />
            <line number="184" hits="2" branch="False" />
            <line number="188" hits="2" branch="False" />
            <line number="189" hits="2" branch="False" />
            <line number="190" hits="2" branch="False" />
            <line number="191" hits="2" branch="False" />
            <line number="192" hits="2" branch="False" />
            <line number="193" hits="2" branch="False" />
            <line number="197" hits="2" branch="False" />
            <line number="198" hits="2" branch="False" />
            <line number="199" hits="2" branch="False" />
            <line number="200" hits="2" branch="False" />
            <line number="201" hits="2" branch="False" />
            <line number="202" hits="2" branch="False" />
            <line number="203" hits="2" branch="False" />
            <line number="204" hits="2" branch="False" />
            <line number="208" hits="2" branch="False" />
            <line number="209" hits="2" branch="False" />
            <line number="210" hits="2" branch="False" />
            <line number="211" hits="2" branch="False" />
            <line number="212" hits="2" branch="False" />
            <line number="213" hits="2" branch="False" />
            <line number="214" hits="2" branch="False" />
            <line number="215" hits="2" branch="False" />
            <line number="219" hits="2" branch="False" />
            <line number="220" hits="2" branch="False" />
            <line number="221" hits="2" branch="False" />
            <line number="222" hits="2" branch="False" />
            <line number="223" hits="2" branch="False" />
            <line number="224" hits="2" branch="False" />
            <line number="225" hits="2" branch="False" />
            <line number="226" hits="2" branch="False" />
            <line number="227" hits="2" branch="False" />
            <line number="228" hits="2" branch="False" />
            <line number="229" hits="2" branch="False" />
            <line number="230" hits="2" branch="False" />
            <line number="231" hits="2" branch="False" />
            <line number="232" hits="2" branch="False" />
            <line number="233" hits="2" branch="False" />
            <line number="234" hits="2" branch="False" />
            <line number="235" hits="2" branch="False" />
            <line number="236" hits="2" branch="False" />
            <line number="237" hits="2" branch="False" />
            <line number="238" hits="2" branch="False" />
            <line number="239" hits="2" branch="False" />
            <line number="240" hits="2" branch="False" />
            <line number="241" hits="2" branch="False" />
            <line number="242" hits="2" branch="False" />
            <line number="243" hits="2" branch="False" />
            <line number="244" hits="2" branch="False" />
            <line number="245" hits="2" branch="False" />
            <line number="8" hits="2" branch="False" />
          </lines>
        </class>
        <class name="TopologyCardRegister.Pos" filename="Pos.cs" line-rate="1" branch-rate="1" complexity="7">
          <methods>
            <method name="get_X" signature="()" line-rate="1" branch-rate="1" complexity="1">
              <lines>
                <line number="8" hits="196865353" branch="False" />
              </lines>
            </method>
            <method name="get_Y" signature="()" line-rate="1" branch-rate="1" complexity="1">
              <lines>
                <line number="9" hits="196865349" branch="False" />
              </lines>
            </method>
            <method name="op_Addition" signature="(TopologyCardRegister.Pos,TopologyCardRegister.Pos)" line-rate="1" branch-rate="1" complexity="1">
              <lines>
                <line number="24" hits="39688699" branch="False" />
                <line number="26" hits="39688699" branch="False" />
                <line number="27" hits="39688699" branch="False" />
                <line number="29" hits="39688698" branch="False" />
              </lines>
            </method>
            <method name="op_Subtraction" signature="(TopologyCardRegister.Pos,TopologyCardRegister.Pos)" line-rate="1" branch-rate="1" complexity="1">
              <lines>
                <line number="32" hits="4" branch="False" />
                <line number="34" hits="4" branch="False" />
                <line number="35" hits="4" branch="False" />
                <line number="37" hits="3" branch="False" />
              </lines>
            </method>
            <method name=".ctor" signature="()" line-rate="1" branch-rate="1" complexity="1">
              <lines>
                <line number="11" hits="1" branch="False" />
                <line number="12" hits="1" branch="False" />
                <line number="13" hits="1" branch="False" />
                <line number="14" hits="1" branch="False" />
                <line number="15" hits="1" branch="False" />
              </lines>
            </method>
            <method name=".ctor" signature="(System.Int32,System.Int32)" line-rate="1" branch-rate="1" complexity="1">
              <lines>
                <line number="17" hits="55481128" branch="False" />
                <line number="18" hits="55481128" branch="False" />
                <line number="19" hits="55481128" branch="False" />
                <line number="20" hits="55481128" branch="False" />
                <line number="21" hits="55481128" branch="False" />
              </lines>
            </method>
            <method name=".cctor" signature="()" line-rate="1" branch-rate="1" complexity="1">
              <lines>
                <line number="39" hits="1" branch="False" />
                <line number="40" hits="1" branch="False" />
                <line number="41" hits="1" branch="False" />
                <line number="42" hits="1" branch="False" />
              </lines>
            </method>
          </methods>
          <lines>
            <line number="8" hits="196865353" branch="False" />
            <line number="9" hits="196865349" branch="False" />
            <line number="24" hits="39688699" branch="False" />
            <line number="26" hits="39688699" branch="False" />
            <line number="27" hits="39688699" branch="False" />
            <line number="29" hits="39688698" branch="False" />
            <line number="32" hits="4" branch="False" />
            <line number="34" hits="4" branch="False" />
            <line number="35" hits="4" branch="False" />
            <line number="37" hits="3" branch="False" />
            <line number="11" hits="1" branch="False" />
            <line number="12" hits="1" branch="False" />
            <line number="13" hits="1" branch="False" />
            <line number="14" hits="1" branch="False" />
            <line number="15" hits="1" branch="False" />
            <line number="17" hits="55481128" branch="False" />
            <line number="18" hits="55481128" branch="False" />
            <line number="19" hits="55481128" branch="False" />
            <line number="20" hits="55481128" branch="False" />
            <line number="21" hits="55481128" branch="False" />
            <line number="39" hits="1" branch="False" />
            <line number="40" hits="1" branch="False" />
            <line number="41" hits="1" branch="False" />
            <line number="42" hits="1" branch="False" />
          </lines>
        </class>
        <class name="TopologyCardRegister.Program" filename="Program.cs" line-rate="0" branch-rate="1" complexity="1">
          <methods>
            <method name="Main" signature="()" line-rate="0" branch-rate="1" complexity="1">
              <lines>
                <line number="10" hits="0" branch="False" />
                <line number="13" hits="0" branch="False" />
                <line number="14" hits="0" branch="False" />
                <line number="15" hits="0" branch="False" />
              </lines>
            </method>
          </methods>
          <lines>
            <line number="10" hits="0" branch="False" />
            <line number="13" hits="0" branch="False" />
            <line number="14" hits="0" branch="False" />
            <line number="15" hits="0" branch="False" />
          </lines>
        </class>
        <class name="TopologyCardRegister.TopologyStatusCalculator" filename="TopologyCalculator.cs" line-rate="0.9879000000000001" branch-rate="0.9761" complexity="46">
          <methods>
            <method name="CalculateHoleCount" signature="(System.Drawing.Bitmap)" line-rate="1" branch-rate="1" complexity="2">
              <lines>
                <line number="65" hits="14" branch="False" />
                <line number="66" hits="14" branch="False" />
                <line number="69" hits="13" branch="False" />
                <line number="71" hits="13" branch="False" />
                <line number="73" hits="13" branch="False" />
                <line number="77" hits="13" branch="False" />
                <line number="80" hits="13" branch="False" />
                <line number="81" hits="67" branch="True" condition-coverage="100% (2/2)">
                  <conditions>
                    <condition number="91" type="jump" coverage="100%" />
                  </conditions>
                </line>
                <line number="82" hits="14" branch="False" />
                <line number="83" hits="14" branch="False" />
                <line number="84" hits="14" branch="False" />
                <line number="87" hits="13" branch="False" />
                <line number="89" hits="13" branch="False" />
                <line number="90" hits="13" branch="False" />
              </lines>
            </method>
            <method name="CheckBitmapNotNull" signature="(System.Drawing.Bitmap)" line-rate="1" branch-rate="1" complexity="2">
              <lines>
                <line number="93" hits="14" branch="False" />
                <line number="94" hits="14" branch="True" condition-coverage="100% (2/2)">
                  <conditions>
                    <condition number="7" type="jump" coverage="100%" />
                  </conditions>
                </line>
                <line number="95" hits="1" branch="False" />
                <line number="96" hits="1" branch="False" />
                <line number="98" hits="13" branch="False" />
              </lines>
            </method>
            <method name="ValidateBitmap" signature="(System.Drawing.Bitmap)" line-rate="1" branch-rate="1" complexity="1">
              <lines>
                <line number="101" hits="14" branch="False" />
                <line number="102" hits="14" branch="False" />
                <line number="103" hits="13" branch="False" />
              </lines>
            </method>
            <method name="ChangeNoiseCellColor" signature="(TopologyCardRegister.Grid`1&lt;TopologyCardRegister.TopologyStatusCalculator/Cell&gt;)" line-rate="1" branch-rate="1" complexity="2">
              <lines>
                <line number="113" hits="13" branch="False" />
                <line number="114" hits="13" branch="False" />
                <line number="115" hits="5264130" branch="False" />
                <line number="116" hits="5264130" branch="False" />
                <line number="117" hits="5264130" branch="True" condition-coverage="100% (2/2)">
                  <conditions>
                    <condition number="23" type="jump" coverage="100%" />
                  </conditions>
                </line>
                <line number="118" hits="2" branch="False" />
                <line number="119" hits="2" branch="False" />
                <line number="120" hits="2" branch="False" />
                <line number="121" hits="5264143" branch="False" />
                <line number="122" hits="13" branch="False" />
              </lines>
            </method>
            <method name="IsNoise" signature="(TopologyCardRegister.Pos,TopologyCardRegister.Grid`1&lt;TopologyCardRegister.TopologyStatusCalculator/Cell&gt;)" line-rate="1" branch-rate="1" complexity="8">
              <lines>
                <line number="128" hits="5264130" branch="False" />
                <line number="129" hits="5264130" branch="True" condition-coverage="100% (2/2)">
                  <conditions>
                    <condition number="14" type="jump" coverage="100%" />
                  </conditions>
                </line>
                <line number="131" hits="21119556" branch="True" condition-coverage="100% (2/2)">
                  <conditions>
                    <condition number="118" type="jump" coverage="100%" />
                  </conditions>
                </line>
                <line number="132" hits="5295647" branch="False" />
                <line number="133" hits="5295647" branch="False" />
                <line number="136" hits="5295647" branch="True" condition-coverage="100% (2/2)">
                  <conditions>
                    <condition number="65" type="jump" coverage="100%" />
                  </conditions>
                </line>
                <line number="137" hits="5223" branch="False" />
                <line number="138" hits="5223" branch="False" />
                <line number="142" hits="5290424" branch="True" condition-coverage="100% (2/2)">
                  <conditions>
                    <condition number="101" type="jump" coverage="100%" />
                  </conditions>
                </line>
                <line number="143" hits="5264128" branch="False" />
                <line number="144" hits="5264128" branch="False" />
                <line number="146" hits="26296" branch="False" />
                <line number="148" hits="2" branch="False" />
                <line number="149" hits="5264130" branch="False" />
              </lines>
            </method>
            <method name="AssignSegmentIdToGridCell" signature="(TopologyCardRegister.Grid`1&lt;TopologyCardRegister.TopologyStatusCalculator/Cell&gt;)" line-rate="1" branch-rate="1" complexity="2">
              <lines>
                <line number="155" hits="13" branch="False" />
                <line number="156" hits="13" branch="False" />
                <line number="158" hits="13" branch="False" />
                <line number="159" hits="5264130" branch="False" />
                <line number="160" hits="5264130" branch="False" />
                <line number="161" hits="13" branch="False" />
                <line number="162" hits="13" branch="False" />
                <line number="163" hits="5264130" branch="True" condition-coverage="100% (2/2)">
                  <conditions>
                    <condition number="34" type="jump" coverage="100%" />
                  </conditions>
                </line>
                <line number="164" hits="5264096" branch="False" />
                <line number="165" hits="5264096" branch="False" />
                <line number="166" hits="13" branch="False" />
                <line number="167" hits="13" branch="False" />
                <line number="168" hits="34" branch="False" />
                <line number="169" hits="34" branch="False" />
                <line number="170" hits="5264143" branch="False" />
                <line number="171" hits="13" branch="False" />
              </lines>
            </method>
            <method name="AssignSegmentIdToSameSegmentCell" signature="(TopologyCardRegister.Pos,System.Int32,TopologyCardRegister.Grid`1&lt;TopologyCardRegister.TopologyStatusCalculator/Cell&gt;)" line-rate="1" branch-rate="1" complexity="12">
              <lines>
                <line number="177" hits="34" branch="False" />
                <line number="178" hits="34" branch="False" />
                <line number="179" hits="34" branch="False" />
                <line number="181" hits="34" branch="True" condition-coverage="100% (2/2)">
                  <conditions>
                    <condition number="28" type="jump" coverage="100%" />
                  </conditions>
                </line>
                <line number="183" hits="34" branch="False" />
                <line number="186" hits="5264164" branch="True" condition-coverage="100% (2/2)">
                  <conditions>
                    <condition number="240" type="jump" coverage="100%" />
                  </conditions>
                </line>
                <line number="187" hits="5264130" branch="False" />
                <line number="188" hits="5264130" branch="False" />
                <line number="190" hits="66796446" branch="True" condition-coverage="100% (2/2)">
                  <conditions>
                    <condition number="221" type="jump" coverage="100%" />
                  </conditions>
                </line>
                <line number="191" hits="25502028" branch="False" />
                <line number="192" hits="25502028" branch="False" />
                <line number="195" hits="25502028" branch="True" condition-coverage="100% (2/2)">
                  <conditions>
                    <condition number="113" type="jump" coverage="100%" />
                  </conditions>
                </line>
                <line number="196" hits="20820" branch="False" />
                <line number="197" hits="20820" branch="False" />
                <line number="201" hits="25481208" branch="True" condition-coverage="100% (2/2)">
                  <conditions>
                    <condition number="141" type="jump" coverage="100%" />
                  </conditions>
                </line>
                <line number="202" hits="20181496" branch="False" />
                <line number="203" hits="20181496" branch="False" />
                <line number="207" hits="5299712" branch="True" condition-coverage="100% (2/2)">
                  <conditions>
                    <condition number="180" type="jump" coverage="100%" />
                  </conditions>
                </line>
                <line number="208" hits="35616" branch="False" />
                <line number="209" hits="35616" branch="False" />
                <line number="212" hits="5264096" branch="False" />
                <line number="213" hits="5264096" branch="False" />
                <line number="214" hits="5264096" branch="False" />
                <line number="215" hits="5264130" branch="False" />
                <line number="216" hits="34" branch="False" />
              </lines>
            </method>
            <method name="ConvertToBinaryGrid" signature="(System.Drawing.Bitmap)" line-rate="1" branch-rate="1" complexity="4">
              <lines>
                <line number="222" hits="13" branch="False" />
                <line number="223" hits="13" branch="False" />
                <line number="224" hits="13" branch="False" />
                <line number="225" hits="13" branch="False" />
                <line number="228" hits="13" branch="False" />
                <line number="230" hits="13" branch="False" />
                <line number="232" hits="10528286" branch="True" condition-coverage="100% (2/2)">
                  <conditions>
                    <condition number="147" type="jump" coverage="100%" />
                  </conditions>
                </line>
                <line number="233" hits="5264130" branch="False" />
                <line number="234" hits="5264130" branch="False" />
                <line number="235" hits="5264130" branch="False" />
                <line number="237" hits="5264130" branch="False" />
                <line number="238" hits="5264130" branch="False" />
                <line number="241" hits="5264130" branch="True" condition-coverage="100% (2/2)">
                  <conditions>
                    <condition number="117" type="jump" coverage="100%" />
                  </conditions>
                </line>
                <line number="242" hits="5264130" branch="False" />
                <line number="244" hits="13" branch="False" />
                <line number="245" hits="13" branch="False" />
              </lines>
            </method>
            <method name="AddPadding" signature="(System.Drawing.Bitmap,System.Int32)" line-rate="1" branch-rate="1" complexity="1">
              <lines>
                <line number="251" hits="13" branch="False" />
                <line number="253" hits="13" branch="False" />
                <line number="254" hits="13" branch="False" />
                <line number="257" hits="13" branch="False" />
                <line number="259" hits="13" branch="False" />
                <line number="260" hits="13" branch="False" />
                <line number="262" hits="13" branch="False" />
                <line number="265" hits="13" branch="False" />
                <line number="266" hits="13" branch="False" />
                <line number="268" hits="13" branch="False" />
                <line number="269" hits="13" branch="False" />
              </lines>
            </method>
            <method name="CopyBitmap" signature="(System.Drawing.Bitmap)" line-rate="1" branch-rate="1" complexity="1">
              <lines>
                <line number="275" hits="13" branch="False" />
                <line number="276" hits="13" branch="False" />
                <line number="277" hits="13" branch="False" />
                <line number="279" hits="13" branch="False" />
                <line number="282" hits="13" branch="False" />
                <line number="283" hits="13" branch="False" />
                <line number="285" hits="13" branch="False" />
                <line number="287" hits="13" branch="False" />
                <line number="288" hits="13" branch="False" />
              </lines>
            </method>
            <method name="CalculateWhiteSegmentIdNextToBlackSegment" signature="(TopologyCardRegister.Grid`1&lt;TopologyCardRegister.TopologyStatusCalculator/Cell&gt;)" line-rate="0.9512" branch-rate="0.9" complexity="10">
              <lines>
                <line number="295" hits="13" branch="False" />
                <line number="296" hits="13" branch="False" />
                <line number="297" hits="13" branch="False" />
                <line number="299" hits="13" branch="False" />
                <line number="300" hits="5264130" branch="False" />
                <line number="301" hits="5264130" branch="False" />
                <line number="302" hits="13" branch="False" />
                <line number="303" hits="13" branch="False" />
                <line number="304" hits="5264130" branch="True" condition-coverage="100% (2/2)">
                  <conditions>
                    <condition number="31" type="jump" coverage="100%" />
                  </conditions>
                </line>
                <line number="305" hits="4152753" branch="False" />
                <line number="306" hits="4152753" branch="False" />
                <line number="307" hits="13" branch="False" />
                <line number="308" hits="13" branch="False" />
                <line number="309" hits="1111377" branch="False" />
                <line number="310" hits="21116163" branch="True" condition-coverage="100% (2/2)">
                  <conditions>
                    <condition number="234" type="jump" coverage="100%" />
                  </conditions>
                </line>
                <line number="311" hits="8891016" branch="False" />
                <line number="312" hits="8891016" branch="False" />
                <line number="313" hits="13" branch="False" />
                <line number="314" hits="13" branch="False" />
                <line number="315" hits="8891016" branch="True" condition-coverage="50% (1/2)">
                  <conditions>
                    <condition number="110" type="jump" coverage="50%" />
                  </conditions>
                </line>
                <line number="316" hits="0" branch="False" />
                <line number="317" hits="0" branch="False" />
                <line number="318" hits="13" branch="False" />
                <line number="319" hits="13" branch="False" />
                <line number="320" hits="13" branch="False" />
                <line number="321" hits="8891016" branch="True" condition-coverage="100% (2/2)">
                  <conditions>
                    <condition number="140" type="jump" coverage="100%" />
                  </conditions>
                </line>
                <line number="322" hits="8812214" branch="False" />
                <line number="323" hits="8812214" branch="False" />
                <line number="324" hits="13" branch="False" />
                <line number="325" hits="13" branch="False" />
                <line number="326" hits="13" branch="False" />
                <line number="327" hits="78802" branch="True" condition-coverage="100% (2/2)">
                  <conditions>
                    <condition number="164" type="jump" coverage="100%" />
                  </conditions>
                </line>
                <line number="328" hits="14" branch="False" />
                <line number="329" hits="14" branch="False" />
                <line number="330" hits="14" branch="False" />
                <line number="331" hits="13" branch="False" />
                <line number="332" hits="78802" branch="False" />
                <line number="333" hits="78802" branch="False" />
                <line number="334" hits="5264143" branch="False" />
                <line number="336" hits="13" branch="False" />
                <line number="337" hits="13" branch="False" />
              </lines>
            </method>
            <method name=".cctor" signature="()" line-rate="1" branch-rate="1" complexity="1">
              <lines>
                <line number="52" hits="1" branch="False" />
                <line number="53" hits="1" branch="False" />
              </lines>
            </method>
          </methods>
          <lines>
            <line number="65" hits="14" branch="False" />
            <line number="66" hits="14" branch="False" />
            <line number="69" hits="13" branch="False" />
            <line number="71" hits="13" branch="False" />
            <line number="73" hits="13" branch="False" />
            <line number="77" hits="13" branch="False" />
            <line number="80" hits="13" branch="False" />
            <line number="81" hits="67" branch="True" condition-coverage="100% (2/2)">
              <conditions>
                <condition number="91" type="jump" coverage="100%" />
              </conditions>
            </line>
            <line number="82" hits="14" branch="False" />
            <line number="83" hits="14" branch="False" />
            <line number="84" hits="14" branch="False" />
            <line number="87" hits="13" branch="False" />
            <line number="89" hits="13" branch="False" />
            <line number="90" hits="13" branch="False" />
            <line number="93" hits="14" branch="False" />
            <line number="94" hits="14" branch="True" condition-coverage="100% (2/2)">
              <conditions>
                <condition number="7" type="jump" coverage="100%" />
              </conditions>
            </line>
            <line number="95" hits="1" branch="False" />
            <line number="96" hits="1" branch="False" />
            <line number="98" hits="13" branch="False" />
            <line number="101" hits="14" branch="False" />
            <line number="102" hits="14" branch="False" />
            <line number="103" hits="13" branch="False" />
            <line number="113" hits="13" branch="False" />
            <line number="114" hits="13" branch="False" />
            <line number="115" hits="5264130" branch="False" />
            <line number="116" hits="5264130" branch="False" />
            <line number="117" hits="5264130" branch="True" condition-coverage="100% (2/2)">
              <conditions>
                <condition number="23" type="jump" coverage="100%" />
              </conditions>
            </line>
            <line number="118" hits="2" branch="False" />
            <line number="119" hits="2" branch="False" />
            <line number="120" hits="2" branch="False" />
            <line number="121" hits="5264143" branch="False" />
            <line number="122" hits="13" branch="False" />
            <line number="128" hits="5264130" branch="False" />
            <line number="129" hits="5264130" branch="True" condition-coverage="100% (2/2)">
              <conditions>
                <condition number="14" type="jump" coverage="100%" />
              </conditions>
            </line>
            <line number="131" hits="21119556" branch="True" condition-coverage="100% (2/2)">
              <conditions>
                <condition number="118" type="jump" coverage="100%" />
              </conditions>
            </line>
            <line number="132" hits="5295647" branch="False" />
            <line number="133" hits="5295647" branch="False" />
            <line number="136" hits="5295647" branch="True" condition-coverage="100% (2/2)">
              <conditions>
                <condition number="65" type="jump" coverage="100%" />
              </conditions>
            </line>
            <line number="137" hits="5223" branch="False" />
            <line number="138" hits="5223" branch="False" />
            <line number="142" hits="5290424" branch="True" condition-coverage="100% (2/2)">
              <conditions>
                <condition number="101" type="jump" coverage="100%" />
              </conditions>
            </line>
            <line number="143" hits="5264128" branch="False" />
            <line number="144" hits="5264128" branch="False" />
            <line number="146" hits="26296" branch="False" />
            <line number="148" hits="2" branch="False" />
            <line number="149" hits="5264130" branch="False" />
            <line number="155" hits="13" branch="False" />
            <line number="156" hits="13" branch="False" />
            <line number="158" hits="13" branch="False" />
            <line number="159" hits="5264130" branch="False" />
[...]
            <line number="178" hits="34" branch="False" />
            <line number="179" hits="34" branch="False" />
            <line number="181" hits="34" branch="True" condition-coverage="100% (2/2)">
              <conditions>
                <condition number="28" type="jump" coverage="100%" />
              </conditions>
            </line>
            <line number="183" hits="34" branch="False" />
            <line number="186" hits="5264164" branch="True" condition-coverage="100% (2/2)">
              <conditions>
                <condition number="240" type="jump" coverage="100%" />
              </conditions>
            </line>
            <line number="187" hits="5264130" branch="False" />
            <line number="188" hits="5264130" branch="False" />
            <line number="190" hits="66796446" branch="True" condition-coverage="100% (2/2)">
              <conditions>
                <condition number="221" type="jump" coverage="100%" />
              </conditions>
            </line>
            <line number="191" hits="25502028" branch="False" />
            <line number="192" hits="25502028" branch="False" />
            <line number="195" hits="25502028" branch="True" condition-coverage="100% (2/2)">
              <conditions>
                <condition number="113" type="jump" coverage="100%" />
              </conditions>
            </line>
            <line number="196" hits="20820" branch="False" />
            <line number="197" hits="20820" branch="False" />
            <line number="201" hits="25481208" branch="True" condition-coverage="100% (2/2)">
              <conditions>
                <condition number="141" type="jump" coverage="100%" />
              </conditions>
            </line>
            <line number="202" hits="20181496" branch="False" />
            <line number="203" hits="20181496" branch="False" />
            <line number="207" hits="5299712" branch="True" condition-coverage="100% (2/2)">
              <conditions>
                <condition number="180" type="jump" coverage="100%" />
              </conditions>
            </line>
            <line number="208" hits="35616" branch="False" />
            <line number="209" hits="35616" branch="False" />
            <line number="212" hits="5264096" branch="False" />
            <line number="213" hits="5264096" branch="False" />
            <line number="214" hits="5264096" branch="False" />
            <line number="215" hits="5264130" branch="False" />
            <line number="216" hits="34" branch="False" />
            <line number="222" hits="13" branch="False" />
            <line number="223" hits="13" branch="False" />
            <line number="224" hits="13" branch="False" />
            <line number="225" hits="13" branch="False" />
            <line number="228" hits="13" branch="False" />
            <line number="230" hits="13" branch="False" />
            <line number="232" hits="10528286" branch="True" condition-coverage="100% (2/2)">
              <conditions>
                <condition number="147" type="jump" coverage="100%" />
              </conditions>
            </line>
            <line number="233" hits="5264130" branch="False" />
            <line number="234" hits="5264130" branch="False" />
            <line number="235" hits="5264130" branch="False" />
            <line number="237" hits="5264130" branch="False" />
            <line number="238" hits="5264130" branch="False" />
            <line number="241" hits="5264130" branch="True" condition-coverage="100% (2/2)">
              <conditions>
                <condition number="117" type="jump" coverage="100%" />
              </conditions>
            </line>
            <line number="242" hits="5264130" branch="False" />
            <line number="244" hits="13" branch="False" />
            <line number="245" hits="13" branch="False" />
            <line number="251" hits="13" branch="False" />
            <line number="253" hits="13" branch="False" />
            <line number="254" hits="13" branch="False" />
            <line number="257" hits="13" branch="False" />
            <line number="259" hits="13" branch="False" />
            <line number="260" hits="13" branch="False" />
            <line number="262" hits="13" branch="False" />
            <line number="265" hits="13" branch="False" />
            <line number="266" hits="13" branch="False" />
            <line number="268" hits="13" branch="False" />
            <line number="269" hits="13" branch="False" />
            <line number="275" hits="13" branch="False" />
            <line number="276" hits="13" branch="False" />
            <line number="277" hits="13" branch="False" />
            <line number="279" hits="13" branch="False" />
            <line number="282" hits="13" branch="False" />
            <line number="283" hits="13" branch="False" />
            <line number="285" hits="13" branch="False" />
            <line number="287" hits="13" branch="False" />
            <line number="288" hits="13" branch="False" />
            <line number="295" hits="13" branch="False" />
            <line number="296" hits="13" branch="False" />
            <line number="297" hits="13" branch="False" />
            <line number="299" hits="13" branch="False" />
            <line number="300" hits="5264130" branch="False" />
            <line number="301" hits="5264130" branch="False" />
            <line number="302" hits="13" branch="False" />
            <line number="303" hits="13" branch="False" />
            <line number="304" hits="5264130" branch="True" condition-coverage="100% (2/2)">
              <conditions>
                <condition number="31" type="jump" coverage="100%" />
              </conditions>
            </line>
            <line number="305" hits="4152753" branch="False" />
            <line number="306" hits="4152753" branch="False" />
            <line number="307" hits="13" branch="False" />
            <line number="308" hits="13" branch="False" />
            <line number="309" hits="1111377" branch="False" />
            <line number="310" hits="21116163" branch="True" condition-coverage="100% (2/2)">
              <conditions>
                <condition number="234" type="jump" coverage="100%" />
              </conditions>
            </line>
            <line number="311" hits="8891016" branch="False" />
            <line number="312" hits="8891016" branch="False" />
            <line number="313" hits="13" branch="False" />
            <line number="314" hits="13" branch="False" />
            <line number="315" hits="8891016" branch="True" condition-coverage="50% (1/2)">
              <conditions>
                <condition number="110" type="jump" coverage="50%" />
              </conditions>
            </line>
            <line number="316" hits="0" branch="False" />
            <line number="317" hits="0" branch="False" />
            <line number="318" hits="13" branch="False" />
            <line number="319" hits="13" branch="False" />
            <line number="320" hits="13" branch="False" />
            <line number="321" hits="8891016" branch="True" condition-coverage="100% (2/2)">
              <conditions>
                <condition number="140" type="jump" coverage="100%" />
              </conditions>
            </line>
            <line number="322" hits="8812214" branch="False" />
            <line number="323" hits="8812214" branch="False" />
            <line number="324" hits="13" branch="False" />
            <line number="325" hits="13" branch="False" />
            <line number="326" hits="13" branch="False" />
            <line number="327" hits="78802" branch="True" condition-coverage="100% (2/2)">
              <conditions>
                <condition number="164" type="jump" coverage="100%" />
              </conditions>
            </line>
            <line number="328" hits="14" branch="False" />
            <line number="329" hits="14" branch="False" />
            <line number="330" hits="14" branch="False" />
            <line number="331" hits="13" branch="False" />
            <line number="332" hits="78802" branch="False" />
            <line number="333" hits="78802" branch="False" />
            <line number="334" hits="5264143" branch="False" />
            <line number="336" hits="13" branch="False" />
            <line number="337" hits="13" branch="False" />
            <line number="52" hits="1" branch="False" />
            <line number="53" hits="1" branch="False" />
          </lines>
        </class>
        <class name="TopologyCardRegister.TopologyStatusCalculator/Cell" filename="TopologyCalculator.cs" line-rate="0.8461" branch-rate="0.75" complexity="7">
          <methods>
            <method name="get_SegmentId" signature="()" line-rate="1" branch-rate="1" complexity="1">
              <lines>
                <line number="10" hits="42463777" branch="False" />
              </lines>
            </method>
            <method name="get_Color" signature="()" line-rate="1" branch-rate="1" complexity="1">
              <lines>
                <line number="11" hits="51127848" branch="False" />
              </lines>
            </method>
            <method name="InvertColor" signature="()" line-rate="0.6666" branch-rate="0.75" complexity="4">
              <lines>
                <line number="31" hits="2" branch="False" />
                <line number="32" hits="2" branch="True" condition-coverage="50% (1/2)">
                  <conditions>
                    <condition number="12" type="jump" coverage="50%" />
                  </conditions>
                </line>
                <line number="33" hits="0" branch="False" />
                <line number="34" hits="0" branch="False" />
                <line number="37" hits="2" branch="True" condition-coverage="100% (2/2)">
                  <conditions>
                    <condition number="24" type="jump" coverage="100%" />
                  </conditions>
                </line>
                <line number="38" hits="2" branch="False" />
              </lines>
            </method>
            <method name=".ctor" signature="()" line-rate="1" branch-rate="1" complexity="1">
              <lines>
                <line number="13" hits="5264130" branch="False" />
                <line number="14" hits="5264130" branch="False" />
                <line number="15" hits="5264130" branch="False" />
                <line number="16" hits="5264130" branch="False" />
                <line number="17" hits="5264130" branch="False" />
              </lines>
            </method>
          </methods>
          <lines>
            <line number="10" hits="42463777" branch="False" />
            <line number="11" hits="51127848" branch="False" />
            <line number="31" hits="2" branch="False" />
            <line number="32" hits="2" branch="True" condition-coverage="50% (1/2)">
              <conditions>
                <condition number="12" type="jump" coverage="50%" />
              </conditions>
            </line>
            <line number="33" hits="0" branch="False" />
            <line number="34" hits="0" branch="False" />
            <line number="37" hits="2" branch="True" condition-coverage="100% (2/2)">
              <conditions>
                <condition number="24" type="jump" coverage="100%" />
              </conditions>
            </line>
            <line number="38" hits="2" branch="False" />
            <line number="13" hits="5264130" branch="False" />
            <line number="14" hits="5264130" branch="False" />
            <line number="15" hits="5264130" branch="False" />
            <line number="16" hits="5264130" branch="False" />
            <line number="17" hits="5264130" branch="False" />
          </lines>
        </class>
        <class name="TopologyCardRegister.TopologyCard" filename="TopologyCard.cs" line-rate="1" branch-rate="1" complexity="9">
          <methods>
            <method name="get_SvgFilePath" signature="()" line-rate="1" branch-rate="1" complexity="1">
              <lines>
                <line number="22" hits="21" branch="False" />
              </lines>
            </method>
            <method name="get_SvgImage" signature="()" line-rate="1" branch-rate="1" complexity="1">
              <lines>
                <line number="25" hits="7" branch="False" />
              </lines>
            </method>
            <method name="get_HoleCounts" signature="()" line-rate="1" branch-rate="1" complexity="1">
              <lines>
                <line number="28" hits="5" branch="False" />
              </lines>
            </method>
            <method name="LoadSvg" signature="()" line-rate="1" branch-rate="1" complexity="1">
              <lines>
                <line number="56" hits="6" branch="False" />
                <line number="57" hits="6" branch="False" />
                <line number="58" hits="5" branch="False" />
                <line number="59" hits="5" branch="False" />
                <line number="60" hits="5" branch="False" />
                <line number="61" hits="5" branch="False" />
                <line number="62" hits="5" branch="False" />
                <line number="63" hits="5" branch="False" />
                <line number="65" hits="5" branch="False" />
                <line number="66" hits="5" branch="False" />
                <line number="68" hits="5" branch="False" />
                <line number="69" hits="5" branch="False" />
              </lines>
            </method>
            <method name="Save" signature="(System.String,System.String)" line-rate="1" branch-rate="1" complexity="2">
              <lines>
                <line number="77" hits="5" branch="False" />
                <line number="78" hits="5" branch="True" condition-coverage="100% (2/2)">
                  <conditions>
                    <condition number="19" type="jump" coverage="100%" />
                  </conditions>
                </line>
                <line number="79" hits="1" branch="False" />
                <line number="80" hits="1" branch="False" />
                <line number="83" hits="4" branch="False" />
                <line number="86" hits="4" branch="False" />
                <line number="89" hits="4" branch="False" />
                <line number="90" hits="4" branch="False" />
              </lines>
            </method>
            <method name=".ctor" signature="()" line-rate="1" branch-rate="1" complexity="1">
              <lines>
                <line number="33" hits="4" branch="False" />
                <line number="34" hits="4" branch="False" />
                <line number="35" hits="4" branch="False" />
                <line number="36" hits="4" branch="False" />
                <line number="37" hits="4" branch="False" />
                <line number="38" hits="4" branch="False" />
              </lines>
            </method>
            <method name=".ctor" signature="(System.String)" line-rate="1" branch-rate="1" complexity="1">
              <lines>
                <line number="44" hits="6" branch="False" />
                <line number="45" hits="6" branch="False" />
                <line number="46" hits="6" branch="False" />
                <line number="47" hits="6" branch="False" />
                <line number="48" hits="5" branch="False" />
                <line number="49" hits="5" branch="False" />
              </lines>
            </method>
            <method name=".cctor" signature="()" line-rate="1" branch-rate="1" complexity="1">
              <lines>
                <line number="19" hits="1" branch="False" />
              </lines>
            </method>
          </methods>
          <lines>
            <line number="22" hits="21" branch="False" />
            <line number="25" hits="7" branch="False" />
            <line number="28" hits="5" branch="False" />
            <line number="56" hits="6" branch="False" />
            <line number="57" hits="6" branch="False" />
            <line number="58" hits="5" branch="False" />
            <line number="59" hits="5" branch="False" />
            <line number="60" hits="5" branch="False" />
            <line number="61" hits="5" branch="False" />
            <line number="62" hits="5" branch="False" />
            <line number="63" hits="5" branch="False" />
            <line number="65" hits="5" branch="False" />
            <line number="66" hits="5" branch="False" />
            <line number="68" hits="5" branch="False" />
            <line number="69" hits="5" branch="False" />
            <line number="77" hits="5" branch="False" />
            <line number="78" hits="5" branch="True" condition-coverage="100% (2/2)">
              <conditions>
                <condition number="19" type="jump" coverage="100%" />
              </conditions>
            </line>
            <line number="79" hits="1" branch="False" />
            <line number="80" hits="1" branch="False" />
            <line number="83" hits="4" branch="False" />
            <line number="86" hits="4" branch="False" />
            <line number="89" hits="4" branch="False" />
            <line number="90" hits="4" branch="False" />
            <line number="33" hits="4" branch="False" />
            <line number="34" hits="4" branch="False" />
            <line number="35" hits="4" branch="False" />
            <line number="36" hits="4" branch="False" />
            <line number="37" hits="4" branch="False" />
            <line number="38" hits="4" branch="False" />
            <line number="44" hits="6" branch="False" />
            <line number="45" hits="6" branch="False" />
            <line number="46" hits="6" branch="False" />
            <line number="47" hits="6" branch="False" />
            <line number="48" hits="5" branch="False" />
            <line number="49" hits="5" branch="False" />
            <line number="19" hits="1" branch="False" />
          </lines>
        </class>
        <class name="TopologyCardRegister.TopologyCard/NotSetSvgFilePathException" filename="TopologyCard.cs" line-rate="1" branch-rate="1" complexity="1">
          <methods>
            <method name=".ctor" signature="(System.String)" line-rate="1" branch-rate="1" complexity="1">
              <lines>
                <line number="7" hits="1" branch="False" />
                <line number="8" hits="1" branch="False" />
                <line number="9" hits="1" branch="False" />
              </lines>
            </method>
          </methods>
          <lines>
            <line number="7" hits="1" branch="False" />
            <line number="8" hits="1" branch="False" />
            <line number="9" hits="1" branch="False" />
          </lines>
        </class>
        <class name="TopologyCardRegister.ApplicationConfiguration" filename="System.Windows.Forms.Analyzers.CSharp\System.Windows.Forms.Generators.ApplicationConfigurationGenerator\ApplicationConfiguration.g.cs" line-rate="0" branch-rate="1" complexity="1">
          <methods>
            <method name="Initialize" signature="()" line-rate="0" branch-rate="1" complexity="1">
              <lines>
                <line number="24" hits="0" branch="False" />
                <line number="25" hits="0" branch="False" />
                <line number="26" hits="0" branch="False" />
                <line number="27" hits="0" branch="False" />
                <line number="28" hits="0" branch="False" />
              </lines>
            </method>
          </methods>
          <lines>
            <line number="24" hits="0" branch="False" />
            <line number="25" hits="0" branch="False" />
            <line number="26" hits="0" branch="False" />
            <line number="27" hits="0" branch="False" />
            <line number="28" hits="0" branch="False" />
          </lines>
        </class>
      </classes>
    </package>
  </packages>
</coverage>